<?xml version="1.0" encoding="UTF-8"?>
<!-- Generated by org.testng.reporters.JUnitReportReporter -->
<testsuite hostname="ojt2-PC" name="AppTest" tests="1" failures="0" timestamp="19 Oct 2019 07:05:40 GMT" time="20.880" errors="0">
  <testcase name="ERP_Start" time="20.880" classname="AppTest"/>
</testsuite> <!-- AppTest -->
